Change Component Footprint: Designator=SW1 Old Footprint=FP-FSM1LP-MFG New Footprint=FP-FSM1LP-MFG
Change Component Footprint: Designator=U2 Old Footprint=FP-SOT23-5LD-PL-1-MFG New Footprint=FP-SOT23-5LD-PL-1-MFG
Added Component: Designator=U1(QFN32_5X5_EXP-L)
Add component (AddParameter): Name = "Copyright"; Value = "Copyright (C) 2022 Ultra Librarian. All rights reserved."; VariantName = "[No Variations]"
Add component (AddParameter): Name = "Manufacturer_Part_Number"; Value = "ESP32-C3"; VariantName = "[No Variations]"
Add component (AddParameter): Name = "Mfr_Name"; Value = "Espressif Systems"; VariantName = "[No Variations]"
Add component (AddParameter): Name = "RefDes"; Value = "RefDes"; VariantName = "[No Variations]"
Add component (AddParameter): Name = "Type"; Value = "DEV"; VariantName = "[No Variations]"
Added Pin To Net: NetName=NetR1_2 Pin=U1-1
Added Pin To Net: NetName=+3V3 Pin=U1-2
Added Pin To Net: NetName=+3V3 Pin=U1-3
Added Pin To Net: NetName=EN Pin=U1-7
Added Pin To Net: NetName=ADC Pin=U1-9
Added Pin To Net: NetName=+3V3 Pin=U1-11
Added Pin To Net: NetName=DOUT Pin=U1-12
Added Pin To Net: NetName=I2C_SDA Pin=U1-14
Added Pin To Net: NetName=ACC_INT_1 Pin=U1-15
Added Pin To Net: NetName=ACC_INT_2 Pin=U1-16
Added Pin To Net: NetName=+3V3 Pin=U1-17
Added Pin To Net: NetName=+3V3 Pin=U1-18
Added Pin To Net: NetName=LATCH Pin=U1-19
Added Pin To Net: NetName=BUTTON Pin=U1-20
Added Pin To Net: NetName=STAT_MCP Pin=U1-21
Added Pin To Net: NetName=I2C_SCL Pin=U1-22
Added Pin To Net: NetName=MAG_D_RDY Pin=U1-23
Added Pin To Net: NetName=MAG_INT Pin=U1-24
Added Pin To Net: NetName=GYRO_INT_1 Pin=U1-25
Added Pin To Net: NetName=GYRO_INT_2 Pin=U1-26
Added Pin To Net: NetName=RX Pin=U1-27
Added Pin To Net: NetName=TX Pin=U1-28
Added Pin To Net: NetName=NetC2_2 Pin=U1-29
Added Pin To Net: NetName=NetC1_2 Pin=U1-30
Added Pin To Net: NetName=+3V3 Pin=U1-31
Added Pin To Net: NetName=+3V3 Pin=U1-32
Added Pin To Net: NetName=GND Pin=U1-33
Added Member To Class: ClassName=band Member=Component U1 ESP32-C3FN4/C3FH4
Added Room: Name=band
